[     568ms] [INFO] %cDownload the React DevTools for a better development experience: https://react.dev/link/react-devtools font-weight:bold @ http://localhost:3069/_next/static/chunks/node_modules_next_dist_115brz8._.js:2477
[     610ms] [LOG] [HMR] connected @ http://localhost:3069/_next/static/chunks/node_modules_next_dist_115brz8._.js:2477
[     739ms] [LOG] [Fast Refresh] rebuilding @ http://localhost:3069/_next/static/chunks/node_modules_next_dist_115brz8._.js:2477
[    1363ms] [LOG] [Fast Refresh] done in 725ms @ http://localhost:3069/_next/static/chunks/node_modules_next_dist_115brz8._.js:2477
[    1391ms] [LOG] 🔧 RootStore: Constructor called (instance #1) @ http://localhost:3069/_next/static/chunks/node_modules_next_dist_115brz8._.js:2477
[    1391ms] [LOG] 🔧 RootStore: Browser ID: browser-1779454193554-dgj6la7ev @ http://localhost:3069/_next/static/chunks/node_modules_next_dist_115brz8._.js:2477
[    1394ms] [LOG] 🔧 RootStore: Initialized @ http://localhost:3069/_next/static/chunks/node_modules_next_dist_115brz8._.js:2477
[    1455ms] [LOG] 🔐 SessionManager: Auth state changed: {event: INITIAL_SESSION, hasSession: false, userEmail: undefined, timestamp: 2026-05-22T12:49:53.619Z} @ http://localhost:3069/_next/static/chunks/node_modules_next_dist_115brz8._.js:2477
[    1456ms] [LOG] ❌ SessionManager: Session lost, disabling stores @ http://localhost:3069/_next/static/chunks/node_modules_next_dist_115brz8._.js:2477
[    1456ms] [LOG] 👤 UserStoreManager: Initializing user stores @ http://localhost:3069/_next/static/chunks/node_modules_next_dist_115brz8._.js:2477
[    1460ms] [LOG] 👤 UserStoreManager: User stores initialized @ http://localhost:3069/_next/static/chunks/node_modules_next_dist_115brz8._.js:2477
[    1460ms] [LOG] ❌ RootStore: Session lost, tearing down realtime @ http://localhost:3069/_next/static/chunks/node_modules_next_dist_115brz8._.js:2477
[    1460ms] [LOG] 🔌 RealtimeManager: Tearing down realtime connection @ http://localhost:3069/_next/static/chunks/node_modules_next_dist_115brz8._.js:2477
[    1460ms] [LOG] 🔌 RealtimeManager: Disconnecting 1 stores from realtime @ http://localhost:3069/_next/static/chunks/node_modules_next_dist_115brz8._.js:2477
[    1460ms] [LOG] 🔌 RealtimeExtension: Disconnected from checkbox_update events @ http://localhost:3069/_next/static/chunks/node_modules_next_dist_115brz8._.js:2477
[    1460ms] [LOG] 🔌 RealtimeCheckboxStore: Disconnected from realtime @ http://localhost:3069/_next/static/chunks/node_modules_next_dist_115brz8._.js:2477
[    1460ms] [LOG] 🔌 RealtimeManager: Disconnected store 0 via disconnectRealtime() @ http://localhost:3069/_next/static/chunks/node_modules_next_dist_115brz8._.js:2477
[    1495ms] [LOG] Login useEffect RootStore @ http://localhost:3069/_next/static/chunks/node_modules_next_dist_115brz8._.js:2477
[    1497ms] [LOG] Login useEffect RootStore @ http://localhost:3069/_next/static/chunks/node_modules_next_dist_115brz8._.js:2477
[    1592ms] [VERBOSE] [DOM] Input elements should have autocomplete attributes (suggested: "current-password"): (More info: https://goo.gl/9p2vKq) %o @ http://localhost:3069/login:0
[    1696ms] [LOG] reconciled: no changes detected, skipping update @ http://localhost:3069/_next/static/chunks/node_modules_next_dist_115brz8._.js:2477
[    1700ms] [LOG] reconciled: no changes detected, skipping update @ http://localhost:3069/_next/static/chunks/node_modules_next_dist_115brz8._.js:2477
[  135351ms] [LOG] 🔐 SessionManager: Auth state changed: {event: SIGNED_IN, hasSession: true, userEmail: test@local.dev, timestamp: 2026-05-22T12:52:07.515Z} @ http://localhost:3069/_next/static/chunks/node_modules_next_dist_115brz8._.js:2477
[  135351ms] [LOG] ✅ SessionManager: Session established, enabling stores @ http://localhost:3069/_next/static/chunks/node_modules_next_dist_115brz8._.js:2477
[  135352ms] [LOG] ✅ RootStore: Session established (SIGNED_IN), setting up realtime @ http://localhost:3069/_next/static/chunks/node_modules_next_dist_115brz8._.js:2477
[  135352ms] [LOG] 🔌 RealtimeManager: Setting up realtime connection @ http://localhost:3069/_next/static/chunks/node_modules_next_dist_115brz8._.js:2477
[  135358ms] [LOG] Login useEffect RootStore @ http://localhost:3069/_next/static/chunks/node_modules_next_dist_115brz8._.js:2477
[  135359ms] [LOG] Session found Proxy(Object) @ http://localhost:3069/_next/static/chunks/node_modules_next_dist_115brz8._.js:2477
[  135366ms] [LOG] reconciled: no changes detected, skipping update @ http://localhost:3069/_next/static/chunks/node_modules_next_dist_115brz8._.js:2477
[  135367ms] [LOG] 🔌 RealtimeManager: Socket connected @ http://localhost:3069/_next/static/chunks/node_modules_next_dist_115brz8._.js:2477
[  135368ms] [LOG] 🔌 RealtimeManager: Connecting 1 stores to realtime @ http://localhost:3069/_next/static/chunks/node_modules_next_dist_115brz8._.js:2477
[  135368ms] [LOG] 🔌 RealtimeExtension: Connected to checkbox_update events @ http://localhost:3069/_next/static/chunks/node_modules_next_dist_115brz8._.js:2477
[  135368ms] [LOG] 🔌 RealtimeCheckboxStore: Connected to realtime @ http://localhost:3069/_next/static/chunks/node_modules_next_dist_115brz8._.js:2477
[  135368ms] [LOG] 🔌 RealtimeManager: Connected store 0 via connectRealtime() @ http://localhost:3069/_next/static/chunks/node_modules_next_dist_115brz8._.js:2477
[  135475ms] [LOG] reconciled: updated with 1 items from server @ http://localhost:3069/_next/static/chunks/node_modules_next_dist_115brz8._.js:2477
