[     164ms] [INFO] %cDownload the React DevTools for a better development experience: https://react.dev/link/react-devtools font-weight:bold @ http://localhost:3069/_next/static/chunks/node_modules_next_dist_115brz8._.js:2477
[     212ms] [LOG] 🔧 RootStore: Constructor called (instance #1) @ http://localhost:3069/_next/static/chunks/node_modules_next_dist_115brz8._.js:2477
[     212ms] [LOG] 🔧 RootStore: Browser ID: browser-1779454650428-sm0lzf20r @ http://localhost:3069/_next/static/chunks/node_modules_next_dist_115brz8._.js:2477
[     213ms] [LOG] 🔧 RootStore: Initialized @ http://localhost:3069/_next/static/chunks/node_modules_next_dist_115brz8._.js:2477
[     245ms] [LOG] 🔐 SessionManager: Auth state changed: {event: SIGNED_IN, hasSession: true, userEmail: test@local.dev, timestamp: 2026-05-22T12:57:30.462Z} @ http://localhost:3069/_next/static/chunks/node_modules_next_dist_115brz8._.js:2477
[     247ms] [LOG] ✅ SessionManager: Session established, enabling stores @ http://localhost:3069/_next/static/chunks/node_modules_next_dist_115brz8._.js:2477
[     248ms] [LOG] 👤 UserStoreManager: Initializing user stores @ http://localhost:3069/_next/static/chunks/node_modules_next_dist_115brz8._.js:2477
[     250ms] [LOG] 👤 UserStoreManager: User stores initialized @ http://localhost:3069/_next/static/chunks/node_modules_next_dist_115brz8._.js:2477
[     251ms] [LOG] ✅ RootStore: Session established (SIGNED_IN), setting up realtime @ http://localhost:3069/_next/static/chunks/node_modules_next_dist_115brz8._.js:2477
[     251ms] [LOG] 🔌 RealtimeManager: Setting up realtime connection @ http://localhost:3069/_next/static/chunks/node_modules_next_dist_115brz8._.js:2477
[     254ms] [LOG] 🔐 SessionManager: Auth state changed: {event: INITIAL_SESSION, hasSession: true, userEmail: test@local.dev, timestamp: 2026-05-22T12:57:30.471Z} @ http://localhost:3069/_next/static/chunks/node_modules_next_dist_115brz8._.js:2477
[     254ms] [LOG] ✅ RootStore: Session established (INITIAL_SESSION), setting up realtime @ http://localhost:3069/_next/static/chunks/node_modules_next_dist_115brz8._.js:2477
[     254ms] [LOG] 🔌 RealtimeManager: Setting up realtime connection @ http://localhost:3069/_next/static/chunks/node_modules_next_dist_115brz8._.js:2477
[     254ms] [LOG] 🔌 RealtimeManager: Cleaning up existing connection before setup @ http://localhost:3069/_next/static/chunks/node_modules_next_dist_115brz8._.js:2477
[     254ms] [LOG] 🔌 RealtimeManager: Tearing down realtime connection @ http://localhost:3069/_next/static/chunks/node_modules_next_dist_115brz8._.js:2477
[     255ms] [LOG] 🔌 RealtimeManager: Disconnecting 1 stores from realtime @ http://localhost:3069/_next/static/chunks/node_modules_next_dist_115brz8._.js:2477
[     255ms] [LOG] 🔌 RealtimeExtension: Disconnected from checkbox_update events @ http://localhost:3069/_next/static/chunks/node_modules_next_dist_115brz8._.js:2477
[     255ms] [LOG] 🔌 RealtimeCheckboxStore: Disconnected from realtime @ http://localhost:3069/_next/static/chunks/node_modules_next_dist_115brz8._.js:2477
[     255ms] [LOG] 🔌 RealtimeManager: Disconnected store 0 via disconnectRealtime() @ http://localhost:3069/_next/static/chunks/node_modules_next_dist_115brz8._.js:2477
[     255ms] [WARNING] WebSocket connection to 'ws://localhost:3420/socket.io/?EIO=4&transport=websocket' failed: WebSocket is closed before the connection is established. @ http://localhost:3069/_next/static/chunks/node_modules_04h~583._.js:7701
[     274ms] [LOG] [HMR] connected @ http://localhost:3069/_next/static/chunks/node_modules_next_dist_115brz8._.js:2477
[     564ms] [LOG] [Fast Refresh] rebuilding @ http://localhost:3069/_next/static/chunks/node_modules_next_dist_115brz8._.js:2477
[    1151ms] [LOG] [Fast Refresh] done in 746ms @ http://localhost:3069/_next/static/chunks/node_modules_next_dist_115brz8._.js:2477
[    1275ms] [LOG] reconciled: no changes detected, skipping update @ http://localhost:3069/_next/static/chunks/node_modules_next_dist_115brz8._.js:2477
[    1275ms] [LOG] reconciled: no changes detected, skipping update @ http://localhost:3069/_next/static/chunks/node_modules_next_dist_115brz8._.js:2477
[    1275ms] [LOG] reconciled: no changes detected, skipping update @ http://localhost:3069/_next/static/chunks/node_modules_next_dist_115brz8._.js:2477
[    1277ms] [LOG] reconciled: updated with 1 items from server @ http://localhost:3069/_next/static/chunks/node_modules_next_dist_115brz8._.js:2477
[    1288ms] [LOG] 🔌 RealtimeManager: Socket connected @ http://localhost:3069/_next/static/chunks/node_modules_next_dist_115brz8._.js:2477
[    1289ms] [LOG] 🔌 RealtimeManager: Connecting 1 stores to realtime @ http://localhost:3069/_next/static/chunks/node_modules_next_dist_115brz8._.js:2477
[    1289ms] [LOG] 🔌 RealtimeExtension: Connected to checkbox_update events @ http://localhost:3069/_next/static/chunks/node_modules_next_dist_115brz8._.js:2477
[    1289ms] [LOG] 🔌 RealtimeCheckboxStore: Connected to realtime @ http://localhost:3069/_next/static/chunks/node_modules_next_dist_115brz8._.js:2477
[    1289ms] [LOG] 🔌 RealtimeManager: Connected store 0 via connectRealtime() @ http://localhost:3069/_next/static/chunks/node_modules_next_dist_115brz8._.js:2477
